<?xml version="1.0" encoding="UTF-8"?>
<coverage generated="1582377447966" clover="3.2.0">
  <project timestamp="1582377447966" name="All files">
    <metrics statements="7" coveredstatements="3" conditionals="4" coveredconditionals="2" methods="5" coveredmethods="3" elements="16" coveredelements="8" complexity="0" loc="7" ncloc="7" packages="2" files="2" classes="2"/>
    <package name="components">
      <metrics statements="3" coveredstatements="1" conditionals="0" coveredconditionals="0" methods="3" coveredmethods="1"/>
      <file name="SearchInput.vue" path="/Users/vuejs/Desktop/wizard-characters/src/components/SearchInput.vue">
        <metrics statements="3" coveredstatements="1" conditionals="0" coveredconditionals="0" methods="3" coveredmethods="1"/>
        <line num="27" count="1" type="stmt"/>
        <line num="33" count="0" type="stmt"/>
        <line num="36" count="0" type="stmt"/>
      </file>
    </package>
    <package name="views">
      <metrics statements="4" coveredstatements="2" conditionals="4" coveredconditionals="2" methods="2" coveredmethods="2"/>
      <file name="Login.vue" path="/Users/vuejs/Desktop/wizard-characters/src/views/Login.vue">
        <metrics statements="4" coveredstatements="2" conditionals="4" coveredconditionals="2" methods="2" coveredmethods="2"/>
        <line num="25" count="2" type="stmt"/>
        <line num="32" count="1" type="cond" truecount="2" falsecount="2"/>
        <line num="33" count="0" type="stmt"/>
        <line num="37" count="0" type="stmt"/>
      </file>
    </package>
  </project>
</coverage>
