{"/Users/vuejs/Desktop/wizard-characters/src/components/SearchInput.vue": {"path":"/Users/vuejs/Desktop/wizard-characters/src/components/SearchInput.vue","statementMap":{"0":{"start":{"line":27,"column":0},"end":{"line":27,"column":null}},"1":{"start":{"line":33,"column":0},"end":{"line":33,"column":null}},"2":{"start":{"line":36,"column":0},"end":{"line":36,"column":null}}},"fnMap":{"0":{"name":"(anonymous_1)","decl":{"start":{"line":26,"column":0},"end":{"line":26,"column":null}},"loc":{"start":{"line":26,"column":0},"end":{"line":30,"column":null}}},"1":{"name":"(anonymous_2)","decl":{"start":{"line":32,"column":0},"end":{"line":32,"column":null}},"loc":{"start":{"line":32,"column":0},"end":{"line":34,"column":null}}},"2":{"name":"(anonymous_3)","decl":{"start":{"line":35,"column":0},"end":{"line":35,"column":null}},"loc":{"start":{"line":35,"column":0},"end":{"line":37,"column":null}}}},"branchMap":{},"s":{"0":1,"1":0,"2":0},"f":{"0":1,"1":0,"2":0},"b":{}}
,"/Users/vuejs/Desktop/wizard-characters/src/views/Login.vue": {"path":"/Users/vuejs/Desktop/wizard-characters/src/views/Login.vue","statementMap":{"0":{"start":{"line":25,"column":0},"end":{"line":25,"column":null}},"1":{"start":{"line":32,"column":0},"end":{"line":38,"column":null}},"2":{"start":{"line":33,"column":0},"end":{"line":33,"column":null}},"3":{"start":{"line":37,"column":0},"end":{"line":37,"column":null}}},"fnMap":{"0":{"name":"(anonymous_1)","decl":{"start":{"line":24,"column":0},"end":{"line":24,"column":null}},"loc":{"start":{"line":24,"column":0},"end":{"line":29,"column":null}}},"1":{"name":"(anonymous_2)","decl":{"start":{"line":31,"column":0},"end":{"line":31,"column":null}},"loc":{"start":{"line":31,"column":0},"end":{"line":39,"column":null}}}},"branchMap":{"0":{"loc":{"start":{"line":32,"column":0},"end":{"line":38,"column":null}},"type":"if","locations":[{"start":{"line":32,"column":0},"end":{"line":38,"column":null}},{"start":{"line":32,"column":0},"end":{"line":38,"column":null}}]},"1":{"loc":{"start":{"line":32,"column":0},"end":{"line":32,"column":null}},"type":"binary-expr","locations":[{"start":{"line":32,"column":0},"end":{"line":32,"column":null}},{"start":{"line":32,"column":0},"end":{"line":32,"column":null}}]}},"s":{"0":2,"1":1,"2":0,"3":0},"f":{"0":2,"1":1},"b":{"0":[0,1],"1":[1,0]}}
}
