TN:
SF:/Users/vuejs/Desktop/wizard-characters/src/components/SearchInput.vue
FN:26,(anonymous_1)
FN:32,(anonymous_2)
FN:35,(anonymous_3)
FNF:3
FNH:1
FNDA:1,(anonymous_1)
FNDA:0,(anonymous_2)
FNDA:0,(anonymous_3)
DA:27,1
DA:33,0
DA:36,0
LF:3
LH:1
BRF:0
BRH:0
end_of_record
TN:
SF:/Users/vuejs/Desktop/wizard-characters/src/views/Login.vue
FN:24,(anonymous_1)
FN:31,(anonymous_2)
FNF:2
FNH:2
FNDA:2,(anonymous_1)
FNDA:1,(anonymous_2)
DA:25,2
DA:32,1
DA:33,0
DA:37,0
LF:4
LH:2
BRDA:32,0,0,0
BRDA:32,0,1,1
BRDA:32,1,0,1
BRDA:32,1,1,0
BRF:4
BRH:2
end_of_record
